
--------------------------------------------------
TXLib предупреждает:

Программа: C:\Users\agniy\ded\SquareSolver\a.exe,

ВНЕЗАПНО: Недопустимая операция с плавающей точкой.

#1: Исключение EXCEPTION_FLT_INVALID_OPERATION (0xC0000090) при выполнении кода по адресу 0x0042DCB1 в модуле C:\Users\agniy\ded\SquareSolver\a.exe. Спасибо _txVectoredExceptionHandler(), что сообщил. Люблю его <3

#1: TXLib [Ver: 00173a, Rev: 173, Date: 2024-06-23 22:37:05 +0400], Instance: 0x005072FC (32-bit), Flags: Cmdre0, Thread: 0x3878 (Main). 

--------------------------------------------------
Стек вызовов:



--------------------------------------------------
Developed with:

The Dumb Artist Library (TX Library)
TXLib [Ver: 00173a, Rev: 173, Date: 2024-06-23 22:37:05 +0400]
Copyright (C) Ded (Ilya Dedinsky, http://txlib.ru) <mail@txlib.ru>
See license on: http://txlib.ru

TXLib file:	c:\users\agniy\ded\codeblocks\mingw\include\txlib.h
Compiled:	Aug 21 2024 14:00:26, GNU g++ 4.8.1, std=201103L, MinGW Runtime 3.20, 32-bit, DEBUG
Started:	Aug 21 2024 14:00:33

Run file:	C:\Users\agniy\ded\SquareSolver\a.exe
Directory:	C:\Users\agniy\ded\SquareSolver

--------------------------------------------------

--------------------------------------------------
TXLib соболезнует...

Программа: C:\Users\agniy\ded\SquareSolver\a.exe,

ВНЕЗАПНО: signal (8, 0x00): SIGFPE: Грубая ошибка в вычислениях. 

Недопустимая операция с плавающей точкой.

#1: Исключение EXCEPTION_FLT_INVALID_OPERATION (0xC0000090) при выполнении кода по адресу 0x0042DCB1 в модуле C:\Users\agniy\ded\SquareSolver\a.exe. Спасибо _txVectoredExceptionHandler(), что сообщил. Люблю его <3

С помощью функции signal() вы можете сами обработать эту ошибку.

#2: TXLib [Ver: 00173a, Rev: 173, Date: 2024-06-23 22:37:05 +0400], Instance: 0x005072FC (32-bit), Flags: Cmdre0, Thread: 0x3878 (Main). 

--------------------------------------------------
Стек вызовов:



--------------------------------------------------
Developed with:

The Dumb Artist Library (TX Library)
TXLib [Ver: 00173a, Rev: 173, Date: 2024-06-23 22:37:05 +0400]
Copyright (C) Ded (Ilya Dedinsky, http://txlib.ru) <mail@txlib.ru>
See license on: http://txlib.ru

TXLib file:	c:\users\agniy\ded\codeblocks\mingw\include\txlib.h
Compiled:	Aug 21 2024 14:00:26, GNU g++ 4.8.1, std=201103L, MinGW Runtime 3.20, 32-bit, DEBUG
Started:	Aug 21 2024 14:00:33

Run file:	C:\Users\agniy\ded\SquareSolver\a.exe
Directory:	C:\Users\agniy\ded\SquareSolver

--------------------------------------------------

--------------------------------------------------
TXLib предупреждает:

Программа: C:\Users\agniy\ded\SquareSolver\a.exe,

ВНЕЗАПНО: Недопустимая операция с плавающей точкой.

#1: Исключение EXCEPTION_FLT_INVALID_OPERATION (0xC0000090) при выполнении кода по адресу 0x0042DCF3 в модуле C:\Users\agniy\ded\SquareSolver\a.exe. Спасибо _txVectoredExceptionHandler(), что сообщил. Люблю его <3

#1: TXLib [Ver: 00173a, Rev: 173, Date: 2024-06-23 22:37:05 +0400], Instance: 0x005072FC (32-bit), Flags: Cmdre0, Thread: 0x3768 (Main). 

--------------------------------------------------
Стек вызовов:



--------------------------------------------------
Developed with:

The Dumb Artist Library (TX Library)
TXLib [Ver: 00173a, Rev: 173, Date: 2024-06-23 22:37:05 +0400]
Copyright (C) Ded (Ilya Dedinsky, http://txlib.ru) <mail@txlib.ru>
See license on: http://txlib.ru

TXLib file:	c:\users\agniy\ded\codeblocks\mingw\include\txlib.h
Compiled:	Aug 21 2024 14:03:46, GNU g++ 4.8.1, std=201103L, MinGW Runtime 3.20, 32-bit, DEBUG
Started:	Aug 21 2024 14:03:52

Run file:	C:\Users\agniy\ded\SquareSolver\a.exe
Directory:	C:\Users\agniy\ded\SquareSolver

--------------------------------------------------

--------------------------------------------------
TXLib соболезнует...

Программа: C:\Users\agniy\ded\SquareSolver\a.exe,

ВНЕЗАПНО: signal (8, 0x00): SIGFPE: Грубая ошибка в вычислениях. 

Недопустимая операция с плавающей точкой.

#1: Исключение EXCEPTION_FLT_INVALID_OPERATION (0xC0000090) при выполнении кода по адресу 0x0042DCF3 в модуле C:\Users\agniy\ded\SquareSolver\a.exe. Спасибо _txVectoredExceptionHandler(), что сообщил. Люблю его <3

С помощью функции signal() вы можете сами обработать эту ошибку.

#2: TXLib [Ver: 00173a, Rev: 173, Date: 2024-06-23 22:37:05 +0400], Instance: 0x005072FC (32-bit), Flags: Cmdre0, Thread: 0x3768 (Main). 

--------------------------------------------------
Стек вызовов:



--------------------------------------------------
Developed with:

The Dumb Artist Library (TX Library)
TXLib [Ver: 00173a, Rev: 173, Date: 2024-06-23 22:37:05 +0400]
Copyright (C) Ded (Ilya Dedinsky, http://txlib.ru) <mail@txlib.ru>
See license on: http://txlib.ru

TXLib file:	c:\users\agniy\ded\codeblocks\mingw\include\txlib.h
Compiled:	Aug 21 2024 14:03:46, GNU g++ 4.8.1, std=201103L, MinGW Runtime 3.20, 32-bit, DEBUG
Started:	Aug 21 2024 14:03:52

Run file:	C:\Users\agniy\ded\SquareSolver\a.exe
Directory:	C:\Users\agniy\ded\SquareSolver

--------------------------------------------------
